.............                                                            [100%]
================================ tests coverage ================================
______________ coverage: platform darwin, python 3.13.15-final-0 _______________

Name                     Stmts   Miss  Cover   Missing
------------------------------------------------------
module_4/src/app.py         41      0   100%
module_4/src/models.py      34      0   100%
------------------------------------------------------
TOTAL                       75      0   100%
Required test coverage of 100% reached. Total coverage: 100.00%
13 passed in 0.36s
